2019-04-24 04:11:13.534 [58] -> 88-11 A0-00 62-45-B4-F0-85-2C 7E-ED-8F-FF-73-00 62-45-B4-F0-85-2C 00-00 01-00 | 02-20-01-1C 7E-ED-8F-FF-73-00-00-00-38-07-61-41-01-00-00-00-E5-00-00-00-00-02-01-00-01-00-01-00
2019-04-24 04:11:13.540 [90] -> 88-11 A0-00 62-45-B4-F0-85-2C 7E-ED-8F-FF-73-00 62-45-B4-F0-85-2C 10-00 01-00 | 04-F0-01-3A E5-01 10-00-01-00-00-00-00-00-00-00-00-00-00-00-E5-00-A6-00-16-00-1B-00-1C-00-23-00-29-00-75-00-00-00-00-00-00-00-00-00-01-01-00-00-00-00-06-01-02-03-04-06-07-05-01-04-05-06-0A-02
2019-04-24 04:11:13.543 [90] -> 88-11 A0-00 62-45-B4-F0-85-2C 7E-ED-8F-FF-73-00 62-45-B4-F0-85-2C 20-00 01-00 | 04-A0-01-BA-00 3A 20-00-4D-61-64-43-61-74-7A-2E-58-62-6F-78-2E-47-75-69-74-61-72-2E-53-74-72-61-74-6F-63-61-73-74-65-72-27-00-57-69-6E-64-6F-77-73-2E-58-62-6F-78-2E-49-6E-70-75-74-2E-4E-61-76
2019-04-24 04:11:13.546 [90] -> 88-11 A0-00 62-45-B4-F0-85-2C 7E-ED-8F-FF-73-00 62-45-B4-F0-85-2C 30-00 01-00 | 04-A0-01-BA-00 74 69-67-61-74-69-6F-6E-43-6F-6E-74-72-6F-6C-6C-65-72-03-38-E4-2A-0D-7D-7F-33-49-86-93-30-FC-55-01-8E-77-E7-1F-F3-B8-86-73-E9-40-A9-F8-2F-21-26-3A-CF-B7-56-FF-76-97-FD-9B-81-45
2019-04-24 04:11:13.600 [87] -> 88-11 A0-00 62-45-B4-F0-85-2C 7E-ED-8F-FF-73-00 62-45-B4-F0-85-2C 40-00 01-00 | 04-B0-01-37 AE-01 AD-45-B6-45-BB-A5-26-D6-02-17-00-20-0E-00-01-00-14-00-00-00-00-00-00-00-00-00-00-00-00-00-00-00-17-00-21-05-00-01-00-0C-00-00-00-00-00-00-00-00-00-00-00-00-00-00-00
2019-04-24 04:11:13.603 [32] -> 88-11 A0-00 62-45-B4-F0-85-2C 7E-ED-8F-FF-73-00 62-45-B4-F0-85-2C 50-00 01-00 | 04-A0-01-00 E5-01

2019-04-24 04:11:13.606 [34] -> 88-11 A0-00 62-45-B4-F0-85-2C 7E-ED-8F-FF-73-00 62-45-B4-F0-85-2C 60-00 01-00 | 03-20-00-04 86-00-00-00

2019-04-24 04:11:13.660 [39] -> 88-11 A0-00 62-45-B4-F0-85-2C 7E-ED-8F-FF-73-00 62-45-B4-F0-85-2C 70-00 01-00 | 01-20-01-09 00-06-30-3A-00-00-00-3A-00
2019-04-24 04:11:13.664 [36] -> 88-11 A0-00 62-45-B4-F0-85-2C 7E-ED-8F-FF-73-00 62-45-B4-F0-85-2C 80-00 01-00 | 06-30-01-06 00-C1-00-01-00-00
2019-04-24 04:11:13.717 [32] -> 88-11 A0-00 62-45-B4-F0-85-2C 7E-ED-8F-FF-73-00 62-45-B4-F0-85-2C 90-00 01-00 | 06-A0-01-00 06-00

2019-04-24 04:11:13.720 [39] -> 88-11 A0-00 62-45-B4-F0-85-2C 7E-ED-8F-FF-73-00 62-45-B4-F0-85-2C A0-00 01-00 | 01-20-02-09 00-06-30-0E-00-00-00-0E-00
2019-04-24 04:11:13.774 [90] -> 88-19 A0-00 62-45-B4-F0-85-2C 7E-ED-8F-FF-73-00 62-45-B4-F0-85-2C B0-00 01-00 | 06-F0-02-3A DA-00 00-C2-00-02-00-54-02-01-00-50-E6-BB-71-9F-7D-A1-95-A5-51-23-50-3D-0D-5D-AF-DD-87-27-BE-ED-99-2F-A5-76-45-94-19-28-0B-38-5A-DA-E3-89-76-E6-00-00-03-E9-00-41-02-05-5F-5C-00-18
2019-04-24 04:11:13.778 [64] -> 88-11 A0-00 62-45-B4-F0-85-2C 7E-ED-8F-FF-73-00 62-45-B4-F0-85-2C C0-00 01-00 | 06-B0-02-A0 00-3A 00-68-00-1F-70-6D-D1-CE-03-00-02-80-00-00-00-00-00-00-00-00-00-00-00-00-00-00-00-00-00-00-00-00
2019-04-24 04:11:13.781 [32] -> 88-11 A0-00 62-45-B4-F0-85-2C 7E-ED-8F-FF-73-00 62-45-B4-F0-85-2C D0-00 01-00 | 06-A0-02-00 5A-00

2019-04-24 04:11:13.836 [39] -> 88-11 A0-00 62-45-B4-F0-85-2C 7E-ED-8F-FF-73-00 62-45-B4-F0-85-2C E0-00 01-00 | 01-20-03-09 00-06-30-0E-00-00-00-0E-00
2019-04-24 04:11:13.989 [90] -> 88-11 A0-00 62-45-B4-F0-85-2C 7E-ED-8F-FF-73-00 62-45-B4-F0-85-2C F0-00 01-00 | 06-F0-03-3A B9-06 04-C2-00-03-03-33-03-01-03-2F-30-82-03-2B-30-82-02-13-A0-03-02-01-02-02-04-35-79-38-A7-30-0D-06-09-2A-86-48-86-F7-0D-01-01-0B-05-00-30-76-31-0B-30-09-06-03-55-04-06-13-02-44
2019-04-24 04:11:13.993 [90] -> 88-11 A0-00 62-45-B4-F0-85-2C 7E-ED-8F-FF-73-00 62-45-B4-F0-85-2C 00-01 01-00 | 06-A0-03-BA-00 3A 45-31-0F-30-0D-06-03-55-04-08-13-06-53-61-78-6F-6E-79-31-16-30-14-06-03-55-04-0A-13-0D-53-75-62-63-6C-61-73-73-20-30-30-30-32-31-11-30-0F-06-03-55-04-0B-13-08-43-6C-61-73-73
2019-04-24 04:11:14.098 [90] -> 88-11 A0-00 62-45-B4-F0-85-2C 7E-ED-8F-FF-73-00 62-45-B4-F0-85-2C 10-01 01-00 | 06-A0-03-BA-00 74 20-30-33-31-2B-30-29-06-03-55-04-03-13-22-58-62-6F-78-20-41-63-63-65-73-73-6F-72-69-65-73-20-43-6C-61-73-73-20-50-72-6F-64-20-43-41-20-30-30-35-30-1E-17-0D-31-35-30-36-31-31
2019-04-24 04:11:14.206 [90] -> 88-11 A0-00 62-45-B4-F0-85-2C 7E-ED-8F-FF-73-00 62-45-B4-F0-85-2C 20-01 01-00 | 06-A0-03-3A AE-01 31-39-34-31-31-33-5A-17-0D-34-34-31-30-31-35-32-33-35-39-35-39-5A-30-00-30-82-01-22-30-0D-06-09-2A-86-48-86-F7-0D-01-01-01-05-00-03-82-01-0F-00-30-82-01-0A-02-82-01-01-00-C2
2019-04-24 04:11:14.311 [84] -> 88-11 A0-00 62-45-B4-F0-85-2C 7E-ED-8F-FF-73-00 62-45-B4-F0-85-2C 30-01 01-00 | 06-B0-03-34 E8-01 77-66-43-5B-FE-90-B5-ED-06-1E-27-68-D3-8F-E7-49-DF-68-08-46-30-91-70-8F-5A-34-B9-1D-DC-0B-9C-58-95-3A-88-EC-C4-CB-C9-29-64-14-2C-2B-4C-25-22-A2-B7-44-73-95
2019-04-24 04:11:14.315 [90] -> 88-11 A0-00 62-45-B4-F0-85-2C 7E-ED-8F-FF-73-00 62-45-B4-F0-85-2C 40-01 01-00 | 06-A0-03-3A 9C-02 28-80-AF-33-6B-33-7A-F7-C7-78-30-53-3C-D5-7D-B2-63-CA-4E-06-F7-EE-C5-5F-F5-26-7F-A7-E2-9E-14-DB-94-4E-D6-6B-C1-8B-05-64-28-71-E1-58-53-78-07-56-B3-3F-6E-15-1E-96-8F-93-CB-1B
2019-04-24 04:11:14.422 [90] -> 88-11 A0-00 62-45-B4-F0-85-2C 7E-ED-8F-FF-73-00 62-45-B4-F0-85-2C 50-01 01-00 | 06-A0-03-3A D6-02 83-A0-44-38-DF-12-9F-20-E4-E1-F8-56-CB-44-A2-3C-01-19-E1-82-34-51-67-E5-24-8E-69-9A-9E-F3-53-2E-26-D1-CC-1D-F9-D1-A6-55-6F-E2-A6-B3-A9-4A-3A-9D-FB-82-98-DA-3C-DC-B0-F7-30-2A
2019-04-24 04:11:14.528 [90] -> 88-11 A0-00 62-45-B4-F0-85-2C 7E-ED-8F-FF-73-00 62-45-B4-F0-85-2C 60-01 01-00 | 06-A0-03-3A 90-03 D3-46-43-1F-3D-05-48-19-37-00-AF-95-09-60-FA-79-D6-9B-41-06-C7-BF-D7-DA-2C-0E-56-83-16-AB-71-EE-57-8A-76-FE-57-97-45-13-A4-92-C8-82-39-89-EF-0D-08-E8-AA-C0-8E-CD-6D-DD-3E-E6
2019-04-24 04:11:14.633 [90] -> 88-11 A0-00 62-45-B4-F0-85-2C 7E-ED-8F-FF-73-00 62-45-B4-F0-85-2C 70-01 01-00 | 06-A0-03-3A CA-03 57-F0-F0-28-51-52-B2-35-95-34-C9-6A-14-73-10-78-4B-6A-E5-63-2A-4A-17-7E-49-2F-84-C6-61-02-03-01-00-01-A3-37-30-35-30-0E-06-03-55-1D-0F-01-01-FF-04-04-03-02-00-B0-30-0C-06-03
2019-04-24 04:11:14.738 [84] -> 88-11 A0-00 62-45-B4-F0-85-2C 7E-ED-8F-FF-73-00 62-45-B4-F0-85-2C 80-01 01-00 | 06-B0-03-34 84-04 55-1D-13-01-01-FF-04-02-30-00-30-15-06-03-55-1D-25-04-0E-30-0C-06-0A-2B-06-01-04-01-82-37-78-03-01-30-0D-06-09-2A-86-48-86-F7-0D-01-01-0B-05-00-03-82-01-01
2019-04-24 04:11:14.792 [90] -> 88-11 A0-00 62-45-B4-F0-85-2C 7E-ED-8F-FF-73-00 62-45-B4-F0-85-2C 90-01 01-00 | 06-A0-03-3A B8-04 00-04-29-C4-02-8D-60-36-0A-B6-57-2E-75-7E-D5-FB-CD-B1-1D-B4-9E-E0-7C-DB-EE-F3-A4-10-BB-20-5F-2D-45-FE-44-9B-FB-49-C6-5D-F8-20-3D-BB-27-60-57-0A-35-40-36-01-6B-9C-43-04-87-5E
2019-04-24 04:11:14.897 [90] -> 88-11 A0-00 62-45-B4-F0-85-2C 7E-ED-8F-FF-73-00 62-45-B4-F0-85-2C A0-01 01-00 | 06-A0-03-3A F2-04 F1-9E-17-AF-46-B4-35-D8-AB-39-DD-A6-66-3C-9F-40-AD-98-96-F5-DA-9C-52-A5-EC-07-D1-7E-13-CB-3D-05-28-2C-21-95-51-23-C5-D2-DE-0B-17-42-93-F5-E2-67-3C-FE-18-16-5D-D1-47-6D-83-B8
2019-04-24 04:11:14.953 [90] -> 88-11 A0-00 62-45-B4-F0-85-2C 7E-ED-8F-FF-73-00 62-45-B4-F0-85-2C B0-01 01-00 | 06-A0-03-3A AC-05 B6-DF-6D-87-98-1A-82-F7-CB-AF-41-8A-41-D8-14-F0-8A-78-C1-7A-DE-FB-53-8E-CD-93-B6-FB-FE-34-AF-D3-1E-E3-38-ED-DB-D2-3C-7E-FF-F4-FD-ED-D8-0D-AA-87-7F-8F-D6-A7-85-76-18-47-3E-64
2019-04-24 04:11:15.109 [90] -> 88-11 A0-00 62-45-B4-F0-85-2C 7E-ED-8F-FF-73-00 62-45-B4-F0-85-2C C0-01 01-00 | 06-A0-03-3A E6-05 B7-DC-76-3D-F8-BF-68-A6-8D-3D-FF-C0-91-C0-D6-3B-77-35-AC-D8-CC-4C-A8-4E-76-59-17-05-03-07-43-D5-43-00-0E-3D-A6-CC-C4-A2-A8-BF-7E-C9-37-03-57-6E-F5-05-A5-20-A6-0F-29-D5-FA-8A
2019-04-24 04:11:15.164 [57] -> 88-11 A0-00 62-45-B4-F0-85-2C 7E-ED-8F-FF-73-00 62-45-B4-F0-85-2C D0-01 01-00 | 06-B0-03-19 A0-06 E0-73-9A-F8-F0-51-02-AB-5B-BE-B0-4F-3B-3B-6F-BA-62-1A-82-2F-7F-4F-9B-66-95
2019-04-24 04:11:15.218 [32] -> 88-11 A0-00 62-45-B4-F0-85-2C 7E-ED-8F-FF-73-00 62-45-B4-F0-85-2C E0-01 01-00 | 06-A0-03-00 B9-06

2019-04-24 04:11:15.272 [39] -> 88-11 A0-00 62-45-B4-F0-85-2C 7E-ED-8F-FF-73-00 62-45-B4-F0-85-2C F0-01 01-00 | 01-20-04-09 00-06-F0-3A-00-00-00-D8-00
2019-04-24 04:11:15.326 [39] -> 88-11 A0-00 62-45-B4-F0-85-2C 7E-ED-8F-FF-73-00 62-45-B4-F0-85-2C 00-02 01-00 | 01-20-04-09 00-06-B0-12-01-00-00-00-00
2019-04-24 04:11:15.939 [36] -> 88-11 A0-00 62-45-B4-F0-85-2C 7E-ED-8F-FF-73-00 62-45-B4-F0-85-2C 10-02 01-00 | 06-30-04-06 00-C1-00-01-00-00
2019-04-24 04:11:15.993 [32] -> 88-11 A0-00 62-45-B4-F0-85-2C 7E-ED-8F-FF-73-00 62-45-B4-F0-85-2C 20-02 01-00 | 06-A0-04-00 06-00

2019-04-24 04:11:15.997 [39] -> 88-11 A0-00 62-45-B4-F0-85-2C 7E-ED-8F-FF-73-00 62-45-B4-F0-85-2C 30-02 01-00 | 01-20-05-09 00-06-30-32-00-00-00-32-00
2019-04-24 04:11:16.103 [36] -> 88-11 A0-00 62-45-B4-F0-85-2C 7E-ED-8F-FF-73-00 62-45-B4-F0-85-2C 40-02 01-00 | 06-30-05-06 00-C1-00-01-00-00
2019-04-24 04:11:16.157 [32] -> 88-11 A0-00 62-45-B4-F0-85-2C 7E-ED-8F-FF-73-00 62-45-B4-F0-85-2C 50-02 01-00 | 06-A0-05-00 06-00

2019-04-24 04:11:16.161 [39] -> 88-11 A0-00 62-45-B4-F0-85-2C 7E-ED-8F-FF-73-00 62-45-B4-F0-85-2C 60-02 01-00 | 01-20-06-09 00-06-30-0E-00-00-00-0E-00
2019-04-24 04:11:16.317 [90] -> 88-11 A0-00 62-45-B4-F0-85-2C 7E-ED-8F-FF-73-00 62-45-B4-F0-85-2C 70-02 01-00 | 06-F0-06-3A CA-00 00-C2-00-08-00-44-08-01-00-40-41-C6-9E-FB-59-40-0A-3A-FC-6A-3A-5D-77-D1-C9-B9-5F-03-E0-C5-D3-F7-AB-1D-E1-74-E0-6E-21-96-67-C4-8C-F7-CB-97-7F-48-0B-ED-41-C4-90-C5-5A-DF-49-81
2019-04-24 04:11:16.322 [48] -> 88-11 A0-00 62-45-B4-F0-85-2C 7E-ED-8F-FF-73-00 62-45-B4-F0-85-2C 80-02 01-00 | 06-B0-06-90 00-3A 34-5A-47-FF-13-01-DC-B0-14-9D-DC-17-E2-BB-C0-FD
2019-04-24 04:11:16.326 [32] -> 88-11 A0-00 62-45-B4-F0-85-2C 7E-ED-8F-FF-73-00 62-45-B4-F0-85-2C 90-02 01-00 | 06-A0-06-00 4A-00

2019-04-24 04:11:16.380 [40] -> 88-11 A0-00 62-45-B4-F0-85-2C 7E-ED-8F-FF-73-00 62-45-B4-F0-85-2C 00-00 00-00 | 20-00-01-0A 00-00-00-00-40-00-00-00-00-00
2019-04-24 04:11:16.384 [40] -> 88-11 A0-00 62-45-B4-F0-85-2C 7E-ED-8F-FF-73-00 62-45-B4-F0-85-2C 10-00 00-00 | 20-00-02-0A 00-00-00-00-40-00-00-00-00-00
