2019-04-24 04:16:51.694 [40] -> 88-11-A0-00 62-45-B4-F0-85-2C 7E-ED-8F-FF-73-00 62-45-B4-F0-85-2C C0-13-00-00 | 20-00-3D-0A 00-00-77-00-40-00-00-00-00-00
2019-04-24 04:16:51.695 [40] -> 88-11-A0-00 62-45-B4-F0-85-2C 7E-ED-8F-FF-73-00 62-45-B4-F0-85-2C D0-13-00-00 | 20-00-3E-0A 00-00-7D-00-40-00-00-00-00-00
2019-04-24 04:16:51.695 [40] -> 88-11-A0-00 62-45-B4-F0-85-2C 7E-ED-8F-FF-73-00 62-45-B4-F0-85-2C E0-13-00-00 | 20-00-3F-0A 00-00-82-00-40-00-00-00-00-00
2019-04-24 04:16:51.695 [40] -> 88-11-A0-00 62-45-B4-F0-85-2C 7E-ED-8F-FF-73-00 62-45-B4-F0-85-2C F0-13-00-00 | 20-00-40-0A 00-00-84-00-40-00-00-00-00-00
2019-04-24 04:16:51.757 [40] -> 88-11-A0-00 62-45-B4-F0-85-2C 7E-ED-8F-FF-73-00 62-45-B4-F0-85-2C 00-14-00-00 | 20-00-41-0A 00-00-8A-00-40-00-00-00-00-00
2019-04-24 04:16:51.757 [40] -> 88-11-A0-00 62-45-B4-F0-85-2C 7E-ED-8F-FF-73-00 62-45-B4-F0-85-2C 10-14-00-00 | 20-00-42-0A 00-00-8D-00-40-00-00-00-00-00
2019-04-24 04:16:51.757 [40] -> 88-11-A0-00 62-45-B4-F0-85-2C 7E-ED-8F-FF-73-00 62-45-B4-F0-85-2C 20-14-00-00 | 20-00-43-0A 00-00-90-00-40-00-00-00-00-00
2019-04-24 04:16:51.757 [40] -> 88-11-A0-00 62-45-B4-F0-85-2C 7E-ED-8F-FF-73-00 62-45-B4-F0-85-2C 30-14-00-00 | 20-00-44-0A 00-00-93-00-40-00-00-00-00-00
2019-04-24 04:16:51.757 [40] -> 88-11-A0-00 62-45-B4-F0-85-2C 7E-ED-8F-FF-73-00 62-45-B4-F0-85-2C 40-14-00-00 | 20-00-45-0A 00-00-9C-00-40-00-00-00-00-00
2019-04-24 04:16:51.757 [40] -> 88-11-A0-00 62-45-B4-F0-85-2C 7E-ED-8F-FF-73-00 62-45-B4-F0-85-2C 50-14-00-00 | 20-00-46-0A 00-00-A2-00-40-00-00-00-00-00
2019-04-24 04:16:51.773 [40] -> 88-11-A0-00 62-45-B4-F0-85-2C 7E-ED-8F-FF-73-00 62-45-B4-F0-85-2C 60-14-00-00 | 20-00-47-0A 00-00-A6-00-40-00-00-00-00-00
2019-04-24 04:16:51.835 [40] -> 88-11-A0-00 62-45-B4-F0-85-2C 7E-ED-8F-FF-73-00 62-45-B4-F0-85-2C 70-14-00-00 | 20-00-48-0A 00-00-AC-00-40-00-00-00-00-00
2019-04-24 04:16:51.835 [40] -> 88-11-A0-00 62-45-B4-F0-85-2C 7E-ED-8F-FF-73-00 62-45-B4-F0-85-2C 80-14-00-00 | 20-00-49-0A 00-00-B4-00-40-00-00-00-00-00
2019-04-24 04:16:51.835 [40] -> 88-11-A0-00 62-45-B4-F0-85-2C 7E-ED-8F-FF-73-00 62-45-B4-F0-85-2C 90-14-00-00 | 20-00-4A-0A 00-00-B9-00-40-00-00-00-00-00
2019-04-24 04:16:51.835 [40] -> 88-11-A0-00 62-45-B4-F0-85-2C 7E-ED-8F-FF-73-00 62-45-B4-F0-85-2C A0-14-00-00 | 20-00-4B-0A 00-00-BE-00-40-00-00-00-00-00
2019-04-24 04:16:51.835 [40] -> 88-11-A0-00 62-45-B4-F0-85-2C 7E-ED-8F-FF-73-00 62-45-B4-F0-85-2C B0-14-00-00 | 20-00-4C-0A 00-00-C2-00-40-00-00-00-00-00
2019-04-24 04:16:51.851 [40] -> 88-11-A0-00 62-45-B4-F0-85-2C 7E-ED-8F-FF-73-00 62-45-B4-F0-85-2C C0-14-00-00 | 20-00-4D-0A 00-00-C5-00-40-00-00-00-00-00
2019-04-24 04:16:51.851 [40] -> 88-11-A0-00 62-45-B4-F0-85-2C 7E-ED-8F-FF-73-00 62-45-B4-F0-85-2C D0-14-00-00 | 20-00-4E-0A 00-00-C7-00-40-00-00-00-00-00
2019-04-24 04:16:51.914 [40] -> 88-11-A0-00 62-45-B4-F0-85-2C 7E-ED-8F-FF-73-00 62-45-B4-F0-85-2C E0-14-00-00 | 20-00-4F-0A 00-00-C9-00-40-00-00-00-00-00
2019-04-24 04:16:51.914 [40] -> 88-11-A0-00 62-45-B4-F0-85-2C 7E-ED-8F-FF-73-00 62-45-B4-F0-85-2C F0-14-00-00 | 20-00-50-0A 00-00-CA-00-40-00-00-00-00-00
2019-04-24 04:16:51.914 [40] -> 88-11-A0-00 62-45-B4-F0-85-2C 7E-ED-8F-FF-73-00 62-45-B4-F0-85-2C 00-15-00-00 | 20-00-51-0A 00-00-CD-00-40-00-00-00-00-00
2019-04-24 04:16:51.914 [40] -> 88-11-A0-00 62-45-B4-F0-85-2C 7E-ED-8F-FF-73-00 62-45-B4-F0-85-2C 10-15-00-00 | 20-00-52-0A 00-00-CF-00-40-00-00-00-00-00
2019-04-24 04:16:51.914 [40] -> 88-11-A0-00 62-45-B4-F0-85-2C 7E-ED-8F-FF-73-00 62-45-B4-F0-85-2C 20-15-00-00 | 20-00-53-0A 00-00-D0-00-40-00-00-00-00-00
2019-04-24 04:16:51.929 [40] -> 88-11-A0-00 62-45-B4-F0-85-2C 7E-ED-8F-FF-73-00 62-45-B4-F0-85-2C 30-15-00-00 | 20-00-54-0A 00-00-D1-00-40-00-00-00-00-00
2019-04-24 04:16:51.929 [40] -> 88-11-A0-00 62-45-B4-F0-85-2C 7E-ED-8F-FF-73-00 62-45-B4-F0-85-2C 40-15-00-00 | 20-00-55-0A 00-00-D4-00-40-00-00-00-00-00
2019-04-24 04:16:51.992 [40] -> 88-11-A0-00 62-45-B4-F0-85-2C 7E-ED-8F-FF-73-00 62-45-B4-F0-85-2C 50-15-00-00 | 20-00-56-0A 00-00-D5-00-40-00-00-00-00-00
2019-04-24 04:16:51.992 [40] -> 88-11-A0-00 62-45-B4-F0-85-2C 7E-ED-8F-FF-73-00 62-45-B4-F0-85-2C 60-15-00-00 | 20-00-57-0A 00-00-D7-00-40-00-00-00-00-00
2019-04-24 04:16:51.992 [40] -> 88-11-A0-00 62-45-B4-F0-85-2C 7E-ED-8F-FF-73-00 62-45-B4-F0-85-2C 70-15-00-00 | 20-00-58-0A 00-00-DB-00-40-00-00-00-00-00
2019-04-24 04:16:51.992 [40] -> 88-11-A0-00 62-45-B4-F0-85-2C 7E-ED-8F-FF-73-00 62-45-B4-F0-85-2C 80-15-00-00 | 20-00-59-0A 00-00-DC-00-40-00-00-00-00-00
2019-04-24 04:16:51.992 [40] -> 88-11-A0-00 62-45-B4-F0-85-2C 7E-ED-8F-FF-73-00 62-45-B4-F0-85-2C 90-15-00-00 | 20-00-5A-0A 00-00-DD-00-40-00-00-00-00-00
2019-04-24 04:16:52.007 [40] -> 88-11-A0-00 62-45-B4-F0-85-2C 7E-ED-8F-FF-73-00 62-45-B4-F0-85-2C A0-15-00-00 | 20-00-5B-0A 00-00-DF-00-40-00-00-00-00-00
2019-04-24 04:16:52.007 [40] -> 88-11-A0-00 62-45-B4-F0-85-2C 7E-ED-8F-FF-73-00 62-45-B4-F0-85-2C B0-15-00-00 | 20-00-5C-0A 00-00-E0-00-40-00-00-00-00-00
2019-04-24 04:16:52.070 [40] -> 88-11-A0-00 62-45-B4-F0-85-2C 7E-ED-8F-FF-73-00 62-45-B4-F0-85-2C C0-15-00-00 | 20-00-5D-0A 00-00-E1-00-40-00-00-00-00-00
2019-04-24 04:16:52.070 [40] -> 88-11-A0-00 62-45-B4-F0-85-2C 7E-ED-8F-FF-73-00 62-45-B4-F0-85-2C D0-15-00-00 | 20-00-5E-0A 00-00-E5-00-40-00-00-00-00-00
2019-04-24 04:16:52.070 [40] -> 88-11-A0-00 62-45-B4-F0-85-2C 7E-ED-8F-FF-73-00 62-45-B4-F0-85-2C E0-15-00-00 | 20-00-5F-0A 00-00-E8-00-40-00-00-00-00-00
2019-04-24 04:16:52.070 [40] -> 88-11-A0-00 62-45-B4-F0-85-2C 7E-ED-8F-FF-73-00 62-45-B4-F0-85-2C F0-15-00-00 | 20-00-60-0A 00-00-EB-00-40-00-00-00-00-00
2019-04-24 04:16:52.070 [40] -> 88-11-A0-00 62-45-B4-F0-85-2C 7E-ED-8F-FF-73-00 62-45-B4-F0-85-2C 00-16-00-00 | 20-00-61-0A 00-00-ED-00-40-00-00-00-00-00
2019-04-24 04:16:52.085 [40] -> 88-11-A0-00 62-45-B4-F0-85-2C 7E-ED-8F-FF-73-00 62-45-B4-F0-85-2C 10-16-00-00 | 20-00-62-0A 00-00-F4-00-40-00-00-00-00-00
2019-04-24 04:16:52.148 [40] -> 88-11-A0-00 62-45-B4-F0-85-2C 7E-ED-8F-FF-73-00 62-45-B4-F0-85-2C 20-16-00-00 | 20-00-63-0A 00-00-F5-00-40-00-00-00-00-00
2019-04-24 04:16:52.148 [40] -> 88-11-A0-00 62-45-B4-F0-85-2C 7E-ED-8F-FF-73-00 62-45-B4-F0-85-2C 30-16-00-00 | 20-00-64-0A 00-00-F6-00-40-00-00-00-00-00
2019-04-24 04:16:52.148 [40] -> 88-11-A0-00 62-45-B4-F0-85-2C 7E-ED-8F-FF-73-00 62-45-B4-F0-85-2C 40-16-00-00 | 20-00-65-0A 00-00-F7-00-40-00-00-00-00-00
2019-04-24 04:16:52.148 [40] -> 88-11-A0-00 62-45-B4-F0-85-2C 7E-ED-8F-FF-73-00 62-45-B4-F0-85-2C 50-16-00-00 | 20-00-66-0A 00-00-F6-00-40-00-00-00-00-00
2019-04-24 04:16:52.148 [40] -> 88-11-A0-00 62-45-B4-F0-85-2C 7E-ED-8F-FF-73-00 62-45-B4-F0-85-2C 60-16-00-00 | 20-00-67-0A 00-00-F5-00-40-00-00-00-00-00
2019-04-24 04:16:52.214 [40] -> 88-11-A0-00 62-45-B4-F0-85-2C 7E-ED-8F-FF-73-00 62-45-B4-F0-85-2C 70-16-00-00 | 20-00-68-0A 00-00-F7-00-40-00-00-00-00-00
2019-04-24 04:16:52.218 [40] -> 88-11-A0-00 62-45-B4-F0-85-2C 7E-ED-8F-FF-73-00 62-45-B4-F0-85-2C 80-16-00-00 | 20-00-69-0A 00-00-F8-00-40-00-00-00-00-00
2019-04-24 04:16:52.221 [40] -> 88-11-A0-00 62-45-B4-F0-85-2C 7E-ED-8F-FF-73-00 62-45-B4-F0-85-2C 90-16-00-00 | 20-00-6A-0A 00-00-FA-00-40-00-00-00-00-00
2019-04-24 04:16:52.224 [40] -> 88-11-A0-00 62-45-B4-F0-85-2C 7E-ED-8F-FF-73-00 62-45-B4-F0-85-2C A0-16-00-00 | 20-00-6B-0A 00-00-FB-00-40-00-00-00-00-00
2019-04-24 04:16:52.228 [40] -> 88-11-A0-00 62-45-B4-F0-85-2C 7E-ED-8F-FF-73-00 62-45-B4-F0-85-2C B0-16-00-00 | 20-00-6C-0A 00-00-FF-00-40-00-00-00-00-00
2019-04-24 04:16:52.333 [40] -> 88-11-A0-00 62-45-B4-F0-85-2C 7E-ED-8F-FF-73-00 62-45-B4-F0-85-2C C0-16-00-00 | 20-00-6D-0A 00-00-FD-00-40-00-00-00-00-00
2019-04-24 04:16:52.335 [40] -> 88-11-A0-00 62-45-B4-F0-85-2C 7E-ED-8F-FF-73-00 62-45-B4-F0-85-2C D0-16-00-00 | 20-00-6E-0A 00-00-F7-00-40-00-00-00-00-00
2019-04-24 04:16:52.335 [40] -> 88-11-A0-00 62-45-B4-F0-85-2C 7E-ED-8F-FF-73-00 62-45-B4-F0-85-2C E0-16-00-00 | 20-00-6F-0A 00-00-F2-00-40-00-00-00-00-00
2019-04-24 04:16:52.335 [40] -> 88-11-A0-00 62-45-B4-F0-85-2C 7E-ED-8F-FF-73-00 62-45-B4-F0-85-2C F0-16-00-00 | 20-00-70-0A 00-00-EE-00-40-00-00-00-00-00
2019-04-24 04:16:52.335 [40] -> 88-11-A0-00 62-45-B4-F0-85-2C 7E-ED-8F-FF-73-00 62-45-B4-F0-85-2C 00-17-00-00 | 20-00-71-0A 00-00-EB-00-40-00-00-00-00-00
2019-04-24 04:16:52.335 [40] -> 88-11-A0-00 62-45-B4-F0-85-2C 7E-ED-8F-FF-73-00 62-45-B4-F0-85-2C 10-17-00-00 | 20-00-72-0A 00-00-EC-00-40-00-00-00-00-00
2019-04-24 04:16:52.413 [40] -> 88-11-A0-00 62-45-B4-F0-85-2C 7E-ED-8F-FF-73-00 62-45-B4-F0-85-2C 20-17-00-00 | 20-00-73-0A 00-00-EE-00-40-00-00-00-00-00
2019-04-24 04:16:52.413 [40] -> 88-11-A0-00 62-45-B4-F0-85-2C 7E-ED-8F-FF-73-00 62-45-B4-F0-85-2C 30-17-00-00 | 20-00-74-0A 00-00-F2-00-40-00-00-00-00-00
2019-04-24 04:16:52.413 [40] -> 88-11-A0-00 62-45-B4-F0-85-2C 7E-ED-8F-FF-73-00 62-45-B4-F0-85-2C 40-17-00-00 | 20-00-75-0A 00-00-F5-00-40-00-00-00-00-00
2019-04-24 04:16:52.413 [40] -> 88-11-A0-00 62-45-B4-F0-85-2C 7E-ED-8F-FF-73-00 62-45-B4-F0-85-2C 50-17-00-00 | 20-00-76-0A 00-00-FC-00-40-00-00-00-00-00
2019-04-24 04:16:52.429 [40] -> 88-11-A0-00 62-45-B4-F0-85-2C 7E-ED-8F-FF-73-00 62-45-B4-F0-85-2C 60-17-00-00 | 20-00-77-0A 00-00-FF-00-40-00-00-00-00-00
2019-04-24 04:16:52.492 [40] -> 88-11-A0-00 62-45-B4-F0-85-2C 7E-ED-8F-FF-73-00 62-45-B4-F0-85-2C 70-17-00-00 | 20-00-78-0A 00-00-FC-00-40-00-00-00-00-00
2019-04-24 04:16:52.492 [40] -> 88-11-A0-00 62-45-B4-F0-85-2C 7E-ED-8F-FF-73-00 62-45-B4-F0-85-2C 80-17-00-00 | 20-00-79-0A 00-00-FB-00-40-00-00-00-00-00
2019-04-24 04:16:52.492 [40] -> 88-11-A0-00 62-45-B4-F0-85-2C 7E-ED-8F-FF-73-00 62-45-B4-F0-85-2C 90-17-00-00 | 20-00-7A-0A 00-00-F9-00-40-00-00-00-00-00
2019-04-24 04:16:52.492 [40] -> 88-11-A0-00 62-45-B4-F0-85-2C 7E-ED-8F-FF-73-00 62-45-B4-F0-85-2C A0-17-00-00 | 20-00-7B-0A 00-00-FA-00-40-00-00-00-00-00
2019-04-24 04:16:52.492 [40] -> 88-11-A0-00 62-45-B4-F0-85-2C 7E-ED-8F-FF-73-00 62-45-B4-F0-85-2C B0-17-00-00 | 20-00-7C-0A 00-00-FC-00-40-00-00-00-00-00
2019-04-24 04:16:52.507 [40] -> 88-11-A0-00 62-45-B4-F0-85-2C 7E-ED-8F-FF-73-00 62-45-B4-F0-85-2C C0-17-00-00 | 20-00-7D-0A 00-00-FD-00-40-00-00-00-00-00
2019-04-24 04:16:52.570 [40] -> 88-11-A0-00 62-45-B4-F0-85-2C 7E-ED-8F-FF-73-00 62-45-B4-F0-85-2C D0-17-00-00 | 20-00-7E-0A 00-00-FE-00-40-00-00-00-00-00
2019-04-24 04:16:52.570 [40] -> 88-11-A0-00 62-45-B4-F0-85-2C 7E-ED-8F-FF-73-00 62-45-B4-F0-85-2C E0-17-00-00 | 20-00-7F-0A 00-00-FD-00-40-00-00-00-00-00
2019-04-24 04:16:52.570 [40] -> 88-11-A0-00 62-45-B4-F0-85-2C 7E-ED-8F-FF-73-00 62-45-B4-F0-85-2C F0-17-00-00 | 20-00-80-0A 00-00-FB-00-40-00-00-00-00-00
2019-04-24 04:16:52.570 [40] -> 88-11-A0-00 62-45-B4-F0-85-2C 7E-ED-8F-FF-73-00 62-45-B4-F0-85-2C 00-18-00-00 | 20-00-81-0A 00-00-F9-00-40-00-00-00-00-00
2019-04-24 04:16:52.570 [40] -> 88-11-A0-00 62-45-B4-F0-85-2C 7E-ED-8F-FF-73-00 62-45-B4-F0-85-2C 10-18-00-00 | 20-00-82-0A 00-00-F7-00-40-00-00-00-00-00
2019-04-24 04:16:52.648 [40] -> 88-11-A0-00 62-45-B4-F0-85-2C 7E-ED-8F-FF-73-00 62-45-B4-F0-85-2C 20-18-00-00 | 20-00-83-0A 00-00-F8-00-40-00-00-00-00-00
2019-04-24 04:16:52.648 [40] -> 88-11-A0-00 62-45-B4-F0-85-2C 7E-ED-8F-FF-73-00 62-45-B4-F0-85-2C 30-18-00-00 | 20-00-84-0A 00-00-F9-00-40-00-00-00-00-00
2019-04-24 04:16:52.648 [40] -> 88-11-A0-00 62-45-B4-F0-85-2C 7E-ED-8F-FF-73-00 62-45-B4-F0-85-2C 40-18-00-00 | 20-00-85-0A 00-00-FA-00-40-00-00-00-00-00
2019-04-24 04:16:52.648 [40] -> 88-11-A0-00 62-45-B4-F0-85-2C 7E-ED-8F-FF-73-00 62-45-B4-F0-85-2C 50-18-00-00 | 20-00-86-0A 00-00-FB-00-40-00-00-00-00-00
2019-04-24 04:16:52.663 [40] -> 88-11-A0-00 62-45-B4-F0-85-2C 7E-ED-8F-FF-73-00 62-45-B4-F0-85-2C 60-18-00-00 | 20-00-87-0A 00-00-FC-00-40-00-00-00-00-00
2019-04-24 04:16:52.733 [40] -> 88-11-A0-00 62-45-B4-F0-85-2C 7E-ED-8F-FF-73-00 62-45-B4-F0-85-2C 70-18-00-00 | 20-00-88-0A 00-00-FD-00-40-00-00-00-00-00
2019-04-24 04:16:52.733 [40] -> 88-11-A0-00 62-45-B4-F0-85-2C 7E-ED-8F-FF-73-00 62-45-B4-F0-85-2C 80-18-00-00 | 20-00-89-0A 00-00-FC-00-40-00-00-00-00-00
2019-04-24 04:16:52.733 [40] -> 88-11-A0-00 62-45-B4-F0-85-2C 7E-ED-8F-FF-73-00 62-45-B4-F0-85-2C 90-18-00-00 | 20-00-8A-0A 00-00-FD-00-40-00-00-00-00-00
2019-04-24 04:16:52.733 [40] -> 88-11-A0-00 62-45-B4-F0-85-2C 7E-ED-8F-FF-73-00 62-45-B4-F0-85-2C A0-18-00-00 | 20-00-8B-0A 00-00-FC-00-40-00-00-00-00-00
2019-04-24 04:16:52.733 [40] -> 88-11-A0-00 62-45-B4-F0-85-2C 7E-ED-8F-FF-73-00 62-45-B4-F0-85-2C B0-18-00-00 | 20-00-8C-0A 00-00-FD-00-40-00-00-00-00-00
2019-04-24 04:16:52.748 [40] -> 88-11-A0-00 62-45-B4-F0-85-2C 7E-ED-8F-FF-73-00 62-45-B4-F0-85-2C C0-18-00-00 | 20-00-8D-0A 00-00-FC-00-40-00-00-00-00-00
2019-04-24 04:16:52.748 [40] -> 88-11-A0-00 62-45-B4-F0-85-2C 7E-ED-8F-FF-73-00 62-45-B4-F0-85-2C D0-18-00-00 | 20-00-8E-0A 00-00-FD-00-40-00-00-00-00-00
2019-04-24 04:16:52.811 [40] -> 88-11-A0-00 62-45-B4-F0-85-2C 7E-ED-8F-FF-73-00 62-45-B4-F0-85-2C E0-18-00-00 | 20-00-8F-0A 00-00-FF-00-40-00-00-00-00-00
2019-04-24 04:16:52.811 [40] -> 88-11-A0-00 62-45-B4-F0-85-2C 7E-ED-8F-FF-73-00 62-45-B4-F0-85-2C F0-18-00-00 | 20-00-90-0A 00-00-FE-00-40-00-00-00-00-00
2019-04-24 04:16:52.811 [40] -> 88-11-A0-00 62-45-B4-F0-85-2C 7E-ED-8F-FF-73-00 62-45-B4-F0-85-2C 00-19-00-00 | 20-00-91-0A 00-00-FF-00-40-00-00-00-00-00
2019-04-24 04:16:52.811 [40] -> 88-11-A0-00 62-45-B4-F0-85-2C 7E-ED-8F-FF-73-00 62-45-B4-F0-85-2C 10-19-00-00 | 20-00-92-0A 00-00-FE-00-40-00-00-00-00-00
2019-04-24 04:16:52.811 [40] -> 88-11-A0-00 62-45-B4-F0-85-2C 7E-ED-8F-FF-73-00 62-45-B4-F0-85-2C 20-19-00-00 | 20-00-93-0A 00-00-FD-00-40-00-00-00-00-00
2019-04-24 04:16:52.889 [40] -> 88-11-A0-00 62-45-B4-F0-85-2C 7E-ED-8F-FF-73-00 62-45-B4-F0-85-2C 30-19-00-00 | 20-00-94-0A 00-00-FE-00-40-00-00-00-00-00
2019-04-24 04:16:52.889 [40] -> 88-11-A0-00 62-45-B4-F0-85-2C 7E-ED-8F-FF-73-00 62-45-B4-F0-85-2C 40-19-00-00 | 20-00-95-0A 00-00-FF-00-40-00-00-00-00-00
2019-04-24 04:16:52.951 [40] -> 88-11-A0-00 62-45-B4-F0-85-2C 7E-ED-8F-FF-73-00 62-45-B4-F0-85-2C 50-19-00-00 | 20-00-96-0A 00-00-FE-00-40-00-00-00-00-00
2019-04-24 04:16:52.951 [40] -> 88-11-A0-00 62-45-B4-F0-85-2C 7E-ED-8F-FF-73-00 62-45-B4-F0-85-2C 60-19-00-00 | 20-00-97-0A 00-00-FF-00-40-00-00-00-00-00
2019-04-24 04:16:53.076 [40] -> 88-11-A0-00 62-45-B4-F0-85-2C 7E-ED-8F-FF-73-00 62-45-B4-F0-85-2C 70-19-00-00 | 20-00-98-0A 00-00-FE-00-40-00-00-00-00-00
2019-04-24 04:16:53.076 [40] -> 88-11-A0-00 62-45-B4-F0-85-2C 7E-ED-8F-FF-73-00 62-45-B4-F0-85-2C 80-19-00-00 | 20-00-99-0A 00-00-FD-00-40-00-00-00-00-00
2019-04-24 04:16:53.076 [40] -> 88-11-A0-00 62-45-B4-F0-85-2C 7E-ED-8F-FF-73-00 62-45-B4-F0-85-2C 90-19-00-00 | 20-00-9A-0A 00-00-FB-00-40-00-00-00-00-00
2019-04-24 04:16:53.076 [40] -> 88-11-A0-00 62-45-B4-F0-85-2C 7E-ED-8F-FF-73-00 62-45-B4-F0-85-2C A0-19-00-00 | 20-00-9B-0A 00-00-FC-00-40-00-00-00-00-00
2019-04-24 04:16:53.092 [40] -> 88-11-A0-00 62-45-B4-F0-85-2C 7E-ED-8F-FF-73-00 62-45-B4-F0-85-2C B0-19-00-00 | 20-00-9C-0A 00-00-FB-00-40-00-00-00-00-00
2019-04-24 04:16:53.155 [40] -> 88-11-A0-00 62-45-B4-F0-85-2C 7E-ED-8F-FF-73-00 62-45-B4-F0-85-2C C0-19-00-00 | 20-00-9D-0A 00-00-FC-00-40-00-00-00-00-00
2019-04-24 04:16:53.155 [40] -> 88-11-A0-00 62-45-B4-F0-85-2C 7E-ED-8F-FF-73-00 62-45-B4-F0-85-2C D0-19-00-00 | 20-00-9E-0A 00-00-FD-00-40-00-00-00-00-00
2019-04-24 04:16:53.155 [40] -> 88-11-A0-00 62-45-B4-F0-85-2C 7E-ED-8F-FF-73-00 62-45-B4-F0-85-2C E0-19-00-00 | 20-00-9F-0A 00-00-FE-00-40-00-00-00-00-00
2019-04-24 04:16:53.155 [40] -> 88-11-A0-00 62-45-B4-F0-85-2C 7E-ED-8F-FF-73-00 62-45-B4-F0-85-2C F0-19-00-00 | 20-00-A0-0A 00-00-FF-00-40-00-00-00-00-00
2019-04-24 04:16:53.289 [40] -> 88-11-A0-00 62-45-B4-F0-85-2C 7E-ED-8F-FF-73-00 62-45-B4-F0-85-2C 00-1A-00-00 | 20-00-A1-0A 00-00-FE-00-40-00-00-00-00-00
2019-04-24 04:16:53.289 [40] -> 88-11-A0-00 62-45-B4-F0-85-2C 7E-ED-8F-FF-73-00 62-45-B4-F0-85-2C 10-1A-00-00 | 20-00-A2-0A 00-00-FD-00-40-00-00-00-00-00
2019-04-24 04:16:53.289 [40] -> 88-11-A0-00 62-45-B4-F0-85-2C 7E-ED-8F-FF-73-00 62-45-B4-F0-85-2C 20-1A-00-00 | 20-00-A3-0A 00-00-FC-00-40-00-00-00-00-00
2019-04-24 04:16:53.289 [40] -> 88-11-A0-00 62-45-B4-F0-85-2C 7E-ED-8F-FF-73-00 62-45-B4-F0-85-2C 30-1A-00-00 | 20-00-A4-0A 00-00-FD-00-40-00-00-00-00-00
2019-04-24 04:16:53.305 [40] -> 88-11-A0-00 62-45-B4-F0-85-2C 7E-ED-8F-FF-73-00 62-45-B4-F0-85-2C 40-1A-00-00 | 20-00-A5-0A 00-00-FB-00-40-00-00-00-00-00
2019-04-24 04:16:53.305 [40] -> 88-11-A0-00 62-45-B4-F0-85-2C 7E-ED-8F-FF-73-00 62-45-B4-F0-85-2C 50-1A-00-00 | 20-00-A6-0A 00-00-F9-00-40-00-00-00-00-00
2019-04-24 04:16:53.360 [40] -> 88-11-A0-00 62-45-B4-F0-85-2C 7E-ED-8F-FF-73-00 62-45-B4-F0-85-2C 60-1A-00-00 | 20-00-A7-0A 00-00-FA-00-40-00-00-00-00-00
2019-04-24 04:16:53.360 [40] -> 88-11-A0-00 62-45-B4-F0-85-2C 7E-ED-8F-FF-73-00 62-45-B4-F0-85-2C 70-1A-00-00 | 20-00-A8-0A 00-00-FB-00-40-00-00-00-00-00
2019-04-24 04:16:53.360 [40] -> 88-11-A0-00 62-45-B4-F0-85-2C 7E-ED-8F-FF-73-00 62-45-B4-F0-85-2C 80-1A-00-00 | 20-00-A9-0A 00-00-FC-00-40-00-00-00-00-00
2019-04-24 04:16:53.360 [40] -> 88-11-A0-00 62-45-B4-F0-85-2C 7E-ED-8F-FF-73-00 62-45-B4-F0-85-2C 90-1A-00-00 | 20-00-AA-0A 00-00-FE-00-40-00-00-00-00-00
2019-04-24 04:16:53.360 [40] -> 88-11-A0-00 62-45-B4-F0-85-2C 7E-ED-8F-FF-73-00 62-45-B4-F0-85-2C A0-1A-00-00 | 20-00-AB-0A 00-00-FF-00-40-00-00-00-00-00
2019-04-24 04:16:53.563 [40] -> 88-11-A0-00 62-45-B4-F0-85-2C 7E-ED-8F-FF-73-00 62-45-B4-F0-85-2C B0-1A-00-00 | 20-00-AC-0A 00-00-FE-00-40-00-00-00-00-00
2019-04-24 04:16:53.563 [40] -> 88-11-A0-00 62-45-B4-F0-85-2C 7E-ED-8F-FF-73-00 62-45-B4-F0-85-2C C0-1A-00-00 | 20-00-AD-0A 00-00-FF-00-40-00-00-00-00-00
2019-04-24 04:16:53.563 [40] -> 88-11-A0-00 62-45-B4-F0-85-2C 7E-ED-8F-FF-73-00 62-45-B4-F0-85-2C D0-1A-00-00 | 20-00-AE-0A 00-00-FE-00-40-00-00-00-00-00
2019-04-24 04:16:53.626 [40] -> 88-11-A0-00 62-45-B4-F0-85-2C 7E-ED-8F-FF-73-00 62-45-B4-F0-85-2C E0-1A-00-00 | 20-00-AF-0A 00-00-FF-00-40-00-00-00-00-00
2019-04-24 04:16:53.689 [40] -> 88-11-A0-00 62-45-B4-F0-85-2C 7E-ED-8F-FF-73-00 62-45-B4-F0-85-2C F0-1A-00-00 | 20-00-B0-0A 00-00-FD-00-40-00-00-00-00-00
2019-04-24 04:16:53.689 [40] -> 88-11-A0-00 62-45-B4-F0-85-2C 7E-ED-8F-FF-73-00 62-45-B4-F0-85-2C 00-1B-00-00 | 20-00-B1-0A 00-00-FB-00-40-00-00-00-00-00
2019-04-24 04:16:53.752 [40] -> 88-11-A0-00 62-45-B4-F0-85-2C 7E-ED-8F-FF-73-00 62-45-B4-F0-85-2C 10-1B-00-00 | 20-00-B2-0A 00-00-F9-00-40-00-00-00-00-00
2019-04-24 04:16:53.752 [40] -> 88-11-A0-00 62-45-B4-F0-85-2C 7E-ED-8F-FF-73-00 62-45-B4-F0-85-2C 20-1B-00-00 | 20-00-B3-0A 00-00-F7-00-40-00-00-00-00-00
2019-04-24 04:16:53.752 [40] -> 88-11-A0-00 62-45-B4-F0-85-2C 7E-ED-8F-FF-73-00 62-45-B4-F0-85-2C 30-1B-00-00 | 20-00-B4-0A 00-00-F5-00-40-00-00-00-00-00
2019-04-24 04:16:53.752 [40] -> 88-11-A0-00 62-45-B4-F0-85-2C 7E-ED-8F-FF-73-00 62-45-B4-F0-85-2C 40-1B-00-00 | 20-00-B5-0A 00-00-F4-00-40-00-00-00-00-00
2019-04-24 04:16:53.767 [40] -> 88-11-A0-00 62-45-B4-F0-85-2C 7E-ED-8F-FF-73-00 62-45-B4-F0-85-2C 50-1B-00-00 | 20-00-B6-0A 00-00-F3-00-40-00-00-00-00-00
2019-04-24 04:16:53.767 [40] -> 88-11-A0-00 62-45-B4-F0-85-2C 7E-ED-8F-FF-73-00 62-45-B4-F0-85-2C 60-1B-00-00 | 20-00-B7-0A 00-00-F2-00-40-00-00-00-00-00
2019-04-24 04:16:53.829 [40] -> 88-11-A0-00 62-45-B4-F0-85-2C 7E-ED-8F-FF-73-00 62-45-B4-F0-85-2C 70-1B-00-00 | 20-00-B8-0A 00-00-F1-00-40-00-00-00-00-00
2019-04-24 04:16:53.829 [40] -> 88-11-A0-00 62-45-B4-F0-85-2C 7E-ED-8F-FF-73-00 62-45-B4-F0-85-2C 80-1B-00-00 | 20-00-B9-0A 00-00-EF-00-40-00-00-00-00-00
2019-04-24 04:16:53.829 [40] -> 88-11-A0-00 62-45-B4-F0-85-2C 7E-ED-8F-FF-73-00 62-45-B4-F0-85-2C 90-1B-00-00 | 20-00-BA-0A 00-00-EB-00-40-00-00-00-00-00
2019-04-24 04:16:53.829 [40] -> 88-11-A0-00 62-45-B4-F0-85-2C 7E-ED-8F-FF-73-00 62-45-B4-F0-85-2C A0-1B-00-00 | 20-00-BB-0A 00-00-E9-00-40-00-00-00-00-00
2019-04-24 04:16:53.845 [40] -> 88-11-A0-00 62-45-B4-F0-85-2C 7E-ED-8F-FF-73-00 62-45-B4-F0-85-2C B0-1B-00-00 | 20-00-BC-0A 00-00-E5-00-40-00-00-00-00-00
2019-04-24 04:16:53.845 [40] -> 88-11-A0-00 62-45-B4-F0-85-2C 7E-ED-8F-FF-73-00 62-45-B4-F0-85-2C C0-1B-00-00 | 20-00-BD-0A 00-00-E0-00-40-00-00-00-00-00
2019-04-24 04:16:53.845 [40] -> 88-11-A0-00 62-45-B4-F0-85-2C 7E-ED-8F-FF-73-00 62-45-B4-F0-85-2C D0-1B-00-00 | 20-00-BE-0A 00-00-DC-00-40-00-00-00-00-00
2019-04-24 04:16:53.908 [40] -> 88-11-A0-00 62-45-B4-F0-85-2C 7E-ED-8F-FF-73-00 62-45-B4-F0-85-2C E0-1B-00-00 | 20-00-BF-0A 00-00-D7-00-40-00-00-00-00-00
2019-04-24 04:16:53.908 [40] -> 88-11-A0-00 62-45-B4-F0-85-2C 7E-ED-8F-FF-73-00 62-45-B4-F0-85-2C F0-1B-00-00 | 20-00-C0-0A 00-00-D4-00-40-00-00-00-00-00
2019-04-24 04:16:53.908 [40] -> 88-11-A0-00 62-45-B4-F0-85-2C 7E-ED-8F-FF-73-00 62-45-B4-F0-85-2C 00-1C-00-00 | 20-00-C1-0A 00-00-D3-00-40-00-00-00-00-00
2019-04-24 04:16:53.908 [40] -> 88-11-A0-00 62-45-B4-F0-85-2C 7E-ED-8F-FF-73-00 62-45-B4-F0-85-2C 10-1C-00-00 | 20-00-C2-0A 00-00-D1-00-40-00-00-00-00-00
2019-04-24 04:16:53.923 [40] -> 88-11-A0-00 62-45-B4-F0-85-2C 7E-ED-8F-FF-73-00 62-45-B4-F0-85-2C 20-1C-00-00 | 20-00-C3-0A 00-00-CF-00-40-00-00-00-00-00
2019-04-24 04:16:53.923 [40] -> 88-11-A0-00 62-45-B4-F0-85-2C 7E-ED-8F-FF-73-00 62-45-B4-F0-85-2C 30-1C-00-00 | 20-00-C4-0A 00-00-CD-00-40-00-00-00-00-00
2019-04-24 04:16:53.923 [40] -> 88-11-A0-00 62-45-B4-F0-85-2C 7E-ED-8F-FF-73-00 62-45-B4-F0-85-2C 40-1C-00-00 | 20-00-C5-0A 00-00-C9-00-40-00-00-00-00-00
2019-04-24 04:16:53.923 [40] -> 88-11-A0-00 62-45-B4-F0-85-2C 7E-ED-8F-FF-73-00 62-45-B4-F0-85-2C 50-1C-00-00 | 20-00-C6-0A 00-00-C8-00-40-00-00-00-00-00
2019-04-24 04:16:54.001 [40] -> 88-11-A0-00 62-45-B4-F0-85-2C 7E-ED-8F-FF-73-00 62-45-B4-F0-85-2C 60-1C-00-00 | 20-00-C7-0A 00-00-C6-00-40-00-00-00-00-00
2019-04-24 04:16:54.001 [40] -> 88-11-A0-00 62-45-B4-F0-85-2C 7E-ED-8F-FF-73-00 62-45-B4-F0-85-2C 70-1C-00-00 | 20-00-C8-0A 00-00-C3-00-40-00-00-00-00-00
2019-04-24 04:16:54.001 [40] -> 88-11-A0-00 62-45-B4-F0-85-2C 7E-ED-8F-FF-73-00 62-45-B4-F0-85-2C 80-1C-00-00 | 20-00-C9-0A 00-00-BE-00-40-00-00-00-00-00
2019-04-24 04:16:54.001 [40] -> 88-11-A0-00 62-45-B4-F0-85-2C 7E-ED-8F-FF-73-00 62-45-B4-F0-85-2C 90-1C-00-00 | 20-00-CA-0A 00-00-BC-00-40-00-00-00-00-00
2019-04-24 04:16:54.017 [40] -> 88-11-A0-00 62-45-B4-F0-85-2C 7E-ED-8F-FF-73-00 62-45-B4-F0-85-2C A0-1C-00-00 | 20-00-CB-0A 00-00-BA-00-40-00-00-00-00-00
2019-04-24 04:16:54.017 [40] -> 88-11-A0-00 62-45-B4-F0-85-2C 7E-ED-8F-FF-73-00 62-45-B4-F0-85-2C B0-1C-00-00 | 20-00-CC-0A 00-00-B7-00-40-00-00-00-00-00
2019-04-24 04:16:54.017 [40] -> 88-11-A0-00 62-45-B4-F0-85-2C 7E-ED-8F-FF-73-00 62-45-B4-F0-85-2C C0-1C-00-00 | 20-00-CD-0A 00-00-B4-00-40-00-00-00-00-00
2019-04-24 04:16:54.017 [40] -> 88-11-A0-00 62-45-B4-F0-85-2C 7E-ED-8F-FF-73-00 62-45-B4-F0-85-2C D0-1C-00-00 | 20-00-CE-0A 00-00-AF-00-40-00-00-00-00-00
2019-04-24 04:16:54.032 [40] -> 88-11-A0-00 62-45-B4-F0-85-2C 7E-ED-8F-FF-73-00 62-45-B4-F0-85-2C E0-1C-00-00 | 20-00-CF-0A 00-00-AA-00-40-00-00-00-00-00
2019-04-24 04:16:54.095 [40] -> 88-11-A0-00 62-45-B4-F0-85-2C 7E-ED-8F-FF-73-00 62-45-B4-F0-85-2C F0-1C-00-00 | 20-00-D0-0A 00-00-A4-00-40-00-00-00-00-00
2019-04-24 04:16:54.095 [40] -> 88-11-A0-00 62-45-B4-F0-85-2C 7E-ED-8F-FF-73-00 62-45-B4-F0-85-2C 00-1D-00-00 | 20-00-D1-0A 00-00-A0-00-40-00-00-00-00-00
2019-04-24 04:16:54.095 [40] -> 88-11-A0-00 62-45-B4-F0-85-2C 7E-ED-8F-FF-73-00 62-45-B4-F0-85-2C 10-1D-00-00 | 20-00-D2-0A 00-00-9F-00-40-00-00-00-00-00
2019-04-24 04:16:54.095 [40] -> 88-11-A0-00 62-45-B4-F0-85-2C 7E-ED-8F-FF-73-00 62-45-B4-F0-85-2C 20-1D-00-00 | 20-00-D3-0A 00-00-9C-00-40-00-00-00-00-00
2019-04-24 04:16:54.110 [40] -> 88-11-A0-00 62-45-B4-F0-85-2C 7E-ED-8F-FF-73-00 62-45-B4-F0-85-2C 30-1D-00-00 | 20-00-D4-0A 00-00-99-00-40-00-00-00-00-00
2019-04-24 04:16:54.110 [40] -> 88-11-A0-00 62-45-B4-F0-85-2C 7E-ED-8F-FF-73-00 62-45-B4-F0-85-2C 40-1D-00-00 | 20-00-D5-0A 00-00-97-00-40-00-00-00-00-00
2019-04-24 04:16:54.110 [40] -> 88-11-A0-00 62-45-B4-F0-85-2C 7E-ED-8F-FF-73-00 62-45-B4-F0-85-2C 50-1D-00-00 | 20-00-D6-0A 00-00-95-00-40-00-00-00-00-00
2019-04-24 04:16:54.110 [40] -> 88-11-A0-00 62-45-B4-F0-85-2C 7E-ED-8F-FF-73-00 62-45-B4-F0-85-2C 60-1D-00-00 | 20-00-D7-0A 00-00-93-00-40-00-00-00-00-00
2019-04-24 04:16:54.126 [40] -> 88-11-A0-00 62-45-B4-F0-85-2C 7E-ED-8F-FF-73-00 62-45-B4-F0-85-2C 70-1D-00-00 | 20-00-D8-0A 00-00-8E-00-40-00-00-00-00-00
2019-04-24 04:16:54.184 [40] -> 88-11-A0-00 62-45-B4-F0-85-2C 7E-ED-8F-FF-73-00 62-45-B4-F0-85-2C 80-1D-00-00 | 20-00-D9-0A 00-00-8D-00-40-00-00-00-00-00
2019-04-24 04:16:54.184 [40] -> 88-11-A0-00 62-45-B4-F0-85-2C 7E-ED-8F-FF-73-00 62-45-B4-F0-85-2C 90-1D-00-00 | 20-00-DA-0A 00-00-89-00-40-00-00-00-00-00
2019-04-24 04:16:54.184 [40] -> 88-11-A0-00 62-45-B4-F0-85-2C 7E-ED-8F-FF-73-00 62-45-B4-F0-85-2C A0-1D-00-00 | 20-00-DB-0A 00-00-86-00-40-00-00-00-00-00
2019-04-24 04:16:54.184 [40] -> 88-11-A0-00 62-45-B4-F0-85-2C 7E-ED-8F-FF-73-00 62-45-B4-F0-85-2C B0-1D-00-00 | 20-00-DC-0A 00-00-81-00-40-00-00-00-00-00
2019-04-24 04:16:54.200 [40] -> 88-11-A0-00 62-45-B4-F0-85-2C 7E-ED-8F-FF-73-00 62-45-B4-F0-85-2C C0-1D-00-00 | 20-00-DD-0A 00-00-7F-00-40-00-00-00-00-00
2019-04-24 04:16:54.200 [40] -> 88-11-A0-00 62-45-B4-F0-85-2C 7E-ED-8F-FF-73-00 62-45-B4-F0-85-2C D0-1D-00-00 | 20-00-DE-0A 00-00-7C-00-40-00-00-00-00-00
2019-04-24 04:16:54.200 [40] -> 88-11-A0-00 62-45-B4-F0-85-2C 7E-ED-8F-FF-73-00 62-45-B4-F0-85-2C E0-1D-00-00 | 20-00-DF-0A 00-00-79-00-40-00-00-00-00-00
2019-04-24 04:16:54.200 [40] -> 88-11-A0-00 62-45-B4-F0-85-2C 7E-ED-8F-FF-73-00 62-45-B4-F0-85-2C F0-1D-00-00 | 20-00-E0-0A 00-00-72-00-40-00-00-00-00-00
2019-04-24 04:16:54.279 [40] -> 88-11-A0-00 62-45-B4-F0-85-2C 7E-ED-8F-FF-73-00 62-45-B4-F0-85-2C 00-1E-00-00 | 20-00-E1-0A 00-00-00-00-40-00-00-00-00-00
