2019-04-24 04:15:48.405 [40] -> 88-11-A0-00-62-45-B4-F0-85-2C 7E-ED-8F-FF-73-00 62-45-B4-F0-85-2C B0-0C-00-00 | 20-00-CC-0A 00-00-00-02-40-00-00-00-00-00
2019-04-24 04:15:48.410 [40] -> 88-11-A0-00-62-45-B4-F0-85-2C 7E-ED-8F-FF-73-00 62-45-B4-F0-85-2C C0-0C-00-00 | 20-00-CD-0A 00-00-00-07-40-00-00-00-00-00
2019-04-24 04:15:48.463 [40] -> 88-11-A0-00-62-45-B4-F0-85-2C 7E-ED-8F-FF-73-00 62-45-B4-F0-85-2C D0-0C-00-00 | 20-00-CE-0A 00-00-00-0E-40-00-00-00-00-00
2019-04-24 04:15:48.466 [40] -> 88-11-A0-00-62-45-B4-F0-85-2C 7E-ED-8F-FF-73-00 62-45-B4-F0-85-2C E0-0C-00-00 | 20-00-CF-0A 00-00-00-10-40-00-00-00-00-00
2019-04-24 04:15:48.469 [40] -> 88-11-A0-00-62-45-B4-F0-85-2C 7E-ED-8F-FF-73-00 62-45-B4-F0-85-2C F0-0C-00-00 | 20-00-D0-0A 00-00-00-21-40-00-00-00-00-00
2019-04-24 04:15:48.472 [40] -> 88-11-A0-00-62-45-B4-F0-85-2C 7E-ED-8F-FF-73-00 62-45-B4-F0-85-2C 00-0D-00-00 | 20-00-D1-0A 00-00-00-28-40-00-00-00-00-00
2019-04-24 04:15:48.475 [40] -> 88-11-A0-00-62-45-B4-F0-85-2C 7E-ED-8F-FF-73-00 62-45-B4-F0-85-2C 10-0D-00-00 | 20-00-D2-0A 00-00-00-2B-40-00-00-00-00-00
2019-04-24 04:15:48.528 [40] -> 88-11-A0-00-62-45-B4-F0-85-2C 7E-ED-8F-FF-73-00 62-45-B4-F0-85-2C 20-0D-00-00 | 20-00-D3-0A 00-00-00-30-40-00-00-00-00-00
2019-04-24 04:15:48.531 [40] -> 88-11-A0-00-62-45-B4-F0-85-2C 7E-ED-8F-FF-73-00 62-45-B4-F0-85-2C 30-0D-00-00 | 20-00-D4-0A 00-00-00-32-40-00-00-00-00-00
2019-04-24 04:15:48.534 [40] -> 88-11-A0-00-62-45-B4-F0-85-2C 7E-ED-8F-FF-73-00 62-45-B4-F0-85-2C 40-0D-00-00 | 20-00-D5-0A 00-00-00-37-40-00-00-00-00-00
2019-04-24 04:15:48.537 [40] -> 88-11-A0-00-62-45-B4-F0-85-2C 7E-ED-8F-FF-73-00 62-45-B4-F0-85-2C 50-0D-00-00 | 20-00-D6-0A 00-00-00-4A-40-00-00-00-00-00
2019-04-24 04:15:48.540 [40] -> 88-11-A0-00-62-45-B4-F0-85-2C 7E-ED-8F-FF-73-00 62-45-B4-F0-85-2C 60-0D-00-00 | 20-00-D7-0A 00-00-00-54-40-00-00-00-00-00
2019-04-24 04:15:48.543 [40] -> 88-11-A0-00-62-45-B4-F0-85-2C 7E-ED-8F-FF-73-00 62-45-B4-F0-85-2C 70-0D-00-00 | 20-00-D8-0A 00-00-00-5B-40-00-00-00-00-00
2019-04-24 04:15:48.546 [40] -> 88-11-A0-00-62-45-B4-F0-85-2C 7E-ED-8F-FF-73-00 62-45-B4-F0-85-2C 80-0D-00-00 | 20-00-D9-0A 00-00-00-6C-40-00-00-00-00-00
2019-04-24 04:15:48.598 [40] -> 88-11-A0-00-62-45-B4-F0-85-2C 7E-ED-8F-FF-73-00 62-45-B4-F0-85-2C 90-0D-00-00 | 20-00-DA-0A 00-00-00-75-40-00-00-00-00-00
2019-04-24 04:15:48.601 [40] -> 88-11-A0-00-62-45-B4-F0-85-2C 7E-ED-8F-FF-73-00 62-45-B4-F0-85-2C A0-0D-00-00 | 20-00-DB-0A 00-00-00-7F-40-00-00-00-00-00
2019-04-24 04:15:48.604 [40] -> 88-11-A0-00-62-45-B4-F0-85-2C 7E-ED-8F-FF-73-00 62-45-B4-F0-85-2C B0-0D-00-00 | 20-00-DC-0A 00-00-00-92-40-00-00-00-00-00
2019-04-24 04:15:48.607 [40] -> 88-11-A0-00-62-45-B4-F0-85-2C 7E-ED-8F-FF-73-00 62-45-B4-F0-85-2C C0-0D-00-00 | 20-00-DD-0A 00-00-00-9C-40-00-00-00-00-00
2019-04-24 04:15:48.610 [40] -> 88-11-A0-00-62-45-B4-F0-85-2C 7E-ED-8F-FF-73-00 62-45-B4-F0-85-2C D0-0D-00-00 | 20-00-DE-0A 00-00-00-A5-40-00-00-00-00-00
2019-04-24 04:15:48.613 [40] -> 88-11-A0-00-62-45-B4-F0-85-2C 7E-ED-8F-FF-73-00 62-45-B4-F0-85-2C E0-0D-00-00 | 20-00-DF-0A 00-00-00-C0-40-00-00-00-00-00
2019-04-24 04:15:48.668 [40] -> 88-11-A0-00-62-45-B4-F0-85-2C 7E-ED-8F-FF-73-00 62-45-B4-F0-85-2C F0-0D-00-00 | 20-00-E0-0A 00-00-00-CA-40-00-00-00-00-00
2019-04-24 04:15:48.671 [40] -> 88-11-A0-00-62-45-B4-F0-85-2C 7E-ED-8F-FF-73-00 62-45-B4-F0-85-2C 00-0E-00-00 | 20-00-E1-0A 00-00-00-EB-40-00-00-00-00-00
2019-04-24 04:15:48.675 [40] -> 88-11-A0-00-62-45-B4-F0-85-2C 7E-ED-8F-FF-73-00 62-45-B4-F0-85-2C 10-0E-00-00 | 20-00-E2-0A 00-00-00-FF-40-00-00-00-00-00
2019-04-24 04:15:49.082 [40] -> 88-11-A0-00-62-45-B4-F0-85-2C 7E-ED-8F-FF-73-00 62-45-B4-F0-85-2C 20-0E-00-00 | 20-00-E3-0A 00-00-00-F6-40-00-00-00-00-00
2019-04-24 04:15:49.086 [40] -> 88-11-A0-00-62-45-B4-F0-85-2C 7E-ED-8F-FF-73-00 62-45-B4-F0-85-2C 30-0E-00-00 | 20-00-E4-0A 00-00-00-F1-40-00-00-00-00-00
2019-04-24 04:15:49.089 [40] -> 88-11-A0-00-62-45-B4-F0-85-2C 7E-ED-8F-FF-73-00 62-45-B4-F0-85-2C 40-0E-00-00 | 20-00-E5-0A 00-00-00-DF-40-00-00-00-00-00
2019-04-24 04:15:49.143 [40] -> 88-11-A0-00-62-45-B4-F0-85-2C 7E-ED-8F-FF-73-00 62-45-B4-F0-85-2C 50-0E-00-00 | 20-00-E6-0A 00-00-00-D2-40-00-00-00-00-00
2019-04-24 04:15:49.146 [40] -> 88-11-A0-00-62-45-B4-F0-85-2C 7E-ED-8F-FF-73-00 62-45-B4-F0-85-2C 60-0E-00-00 | 20-00-E7-0A 00-00-00-C7-40-00-00-00-00-00
2019-04-24 04:15:49.149 [40] -> 88-11-A0-00-62-45-B4-F0-85-2C 7E-ED-8F-FF-73-00 62-45-B4-F0-85-2C 70-0E-00-00 | 20-00-E8-0A 00-00-00-BF-40-00-00-00-00-00
2019-04-24 04:15:49.153 [40] -> 88-11-A0-00-62-45-B4-F0-85-2C 7E-ED-8F-FF-73-00 62-45-B4-F0-85-2C 80-0E-00-00 | 20-00-E9-0A 00-00-00-A3-40-00-00-00-00-00
2019-04-24 04:15:49.156 [40] -> 88-11-A0-00-62-45-B4-F0-85-2C 7E-ED-8F-FF-73-00 62-45-B4-F0-85-2C 90-0E-00-00 | 20-00-EA-0A 00-00-00-9A-40-00-00-00-00-00
2019-04-24 04:15:49.159 [40] -> 88-11-A0-00-62-45-B4-F0-85-2C 7E-ED-8F-FF-73-00 62-45-B4-F0-85-2C A0-0E-00-00 | 20-00-EB-0A 00-00-00-89-40-00-00-00-00-00
2019-04-24 04:15:49.162 [40] -> 88-11-A0-00-62-45-B4-F0-85-2C 7E-ED-8F-FF-73-00 62-45-B4-F0-85-2C B0-0E-00-00 | 20-00-EC-0A 00-00-00-6B-40-00-00-00-00-00
2019-04-24 04:15:49.215 [40] -> 88-11-A0-00-62-45-B4-F0-85-2C 7E-ED-8F-FF-73-00 62-45-B4-F0-85-2C C0-0E-00-00 | 20-00-ED-0A 00-00-00-58-40-00-00-00-00-00
2019-04-24 04:15:49.219 [40] -> 88-11-A0-00-62-45-B4-F0-85-2C 7E-ED-8F-FF-73-00 62-45-B4-F0-85-2C D0-0E-00-00 | 20-00-EE-0A 00-00-00-4E-40-00-00-00-00-00
2019-04-24 04:15:49.222 [40] -> 88-11-A0-00-62-45-B4-F0-85-2C 7E-ED-8F-FF-73-00 62-45-B4-F0-85-2C E0-0E-00-00 | 20-00-EF-0A 00-00-00-39-40-00-00-00-00-00
2019-04-24 04:15:49.226 [40] -> 88-11-A0-00-62-45-B4-F0-85-2C 7E-ED-8F-FF-73-00 62-45-B4-F0-85-2C F0-0E-00-00 | 20-00-F0-0A 00-00-00-26-40-00-00-00-00-00
2019-04-24 04:15:49.229 [40] -> 88-11-A0-00-62-45-B4-F0-85-2C 7E-ED-8F-FF-73-00 62-45-B4-F0-85-2C 00-0F-00-00 | 20-00-F1-0A 00-00-00-13-40-00-00-00-00-00
2019-04-24 04:15:49.232 [40] -> 88-11-A0-00-62-45-B4-F0-85-2C 7E-ED-8F-FF-73-00 62-45-B4-F0-85-2C 10-0F-00-00 | 20-00-F2-0A 00-00-00-01-40-00-00-00-00-00
2019-04-24 04:15:49.236 [40] -> 88-11-A0-00-62-45-B4-F0-85-2C 7E-ED-8F-FF-73-00 62-45-B4-F0-85-2C 20-0F-00-00 | 20-00-F3-0A 00-00-00-00-40-00-00-00-00-00
2019-04-24 04:15:49.742 [40] -> 88-11-A0-00-62-45-B4-F0-85-2C 7E-ED-8F-FF-73-00 62-45-B4-F0-85-2C 30-0F-00-00 | 20-00-F4-0A 00-00-00-01-40-00-00-00-00-00
2019-04-24 04:15:49.746 [40] -> 88-11-A0-00-62-45-B4-F0-85-2C 7E-ED-8F-FF-73-00 62-45-B4-F0-85-2C 40-0F-00-00 | 20-00-F5-0A 00-00-00-08-40-00-00-00-00-00
2019-04-24 04:15:49.749 [40] -> 88-11-A0-00-62-45-B4-F0-85-2C 7E-ED-8F-FF-73-00 62-45-B4-F0-85-2C 50-0F-00-00 | 20-00-F6-0A 00-00-00-15-40-00-00-00-00-00
2019-04-24 04:15:49.753 [40] -> 88-11-A0-00-62-45-B4-F0-85-2C 7E-ED-8F-FF-73-00 62-45-B4-F0-85-2C 60-0F-00-00 | 20-00-F7-0A 00-00-00-1D-40-00-00-00-00-00
2019-04-24 04:15:49.806 [40] -> 88-11-A0-00-62-45-B4-F0-85-2C 7E-ED-8F-FF-73-00 62-45-B4-F0-85-2C 70-0F-00-00 | 20-00-F8-0A 00-00-00-2B-40-00-00-00-00-00
2019-04-24 04:15:49.809 [40] -> 88-11-A0-00-62-45-B4-F0-85-2C 7E-ED-8F-FF-73-00 62-45-B4-F0-85-2C 80-0F-00-00 | 20-00-F9-0A 00-00-00-39-40-00-00-00-00-00
2019-04-24 04:15:49.813 [40] -> 88-11-A0-00-62-45-B4-F0-85-2C 7E-ED-8F-FF-73-00 62-45-B4-F0-85-2C 90-0F-00-00 | 20-00-FA-0A 00-00-00-41-40-00-00-00-00-00
2019-04-24 04:15:49.816 [40] -> 88-11-A0-00-62-45-B4-F0-85-2C 7E-ED-8F-FF-73-00 62-45-B4-F0-85-2C A0-0F-00-00 | 20-00-FB-0A 00-00-00-4F-40-00-00-00-00-00
2019-04-24 04:15:49.820 [40] -> 88-11-A0-00-62-45-B4-F0-85-2C 7E-ED-8F-FF-73-00 62-45-B4-F0-85-2C B0-0F-00-00 | 20-00-FC-0A 00-00-00-57-40-00-00-00-00-00
2019-04-24 04:15:49.824 [40] -> 88-11-A0-00-62-45-B4-F0-85-2C 7E-ED-8F-FF-73-00 62-45-B4-F0-85-2C C0-0F-00-00 | 20-00-FD-0A 00-00-00-65-40-00-00-00-00-00
2019-04-24 04:15:49.879 [40] -> 88-11-A0-00-62-45-B4-F0-85-2C 7E-ED-8F-FF-73-00 62-45-B4-F0-85-2C D0-0F-00-00 | 20-00-FE-0A 00-00-00-6B-40-00-00-00-00-00
2019-04-24 04:15:49.883 [40] -> 88-19-A0-00-62-45-B4-F0-85-2C 7E-ED-8F-FF-73-00 62-45-B4-F0-85-2C E0-0F-00-00 | 20-00-FF-0A 00-00-00-7E-40-00-00-00-00-00
2019-04-24 04:15:49.886 [40] -> 88-11-A0-00-62-45-B4-F0-85-2C 7E-ED-8F-FF-73-00 62-45-B4-F0-85-2C F0-0F-00-00 | 20-00-00-0A 00-00-00-8E-40-00-00-00-00-00
2019-04-24 04:15:49.890 [40] -> 88-11-A0-00-62-45-B4-F0-85-2C 7E-ED-8F-FF-73-00 62-45-B4-F0-85-2C 00-10-00-00 | 20-00-01-0A 00-00-00-9C-40-00-00-00-00-00
2019-04-24 04:15:49.894 [40] -> 88-11-A0-00-62-45-B4-F0-85-2C 7E-ED-8F-FF-73-00 62-45-B4-F0-85-2C 10-10-00-00 | 20-00-02-0A 00-00-00-A3-40-00-00-00-00-00
2019-04-24 04:15:49.897 [40] -> 88-11-A0-00-62-45-B4-F0-85-2C 7E-ED-8F-FF-73-00 62-45-B4-F0-85-2C 20-10-00-00 | 20-00-03-0A 00-00-00-B5-40-00-00-00-00-00
2019-04-24 04:15:49.901 [40] -> 88-11-A0-00-62-45-B4-F0-85-2C 7E-ED-8F-FF-73-00 62-45-B4-F0-85-2C 30-10-00-00 | 20-00-04-0A 00-00-00-C4-40-00-00-00-00-00
2019-04-24 04:15:49.955 [40] -> 88-11-A0-00-62-45-B4-F0-85-2C 7E-ED-8F-FF-73-00 62-45-B4-F0-85-2C 40-10-00-00 | 20-00-05-0A 00-00-00-CE-40-00-00-00-00-00
2019-04-24 04:15:49.959 [40] -> 88-11-A0-00-62-45-B4-F0-85-2C 7E-ED-8F-FF-73-00 62-45-B4-F0-85-2C 50-10-00-00 | 20-00-06-0A 00-00-00-DC-40-00-00-00-00-00
2019-04-24 04:15:49.962 [40] -> 88-11-A0-00-62-45-B4-F0-85-2C 7E-ED-8F-FF-73-00 62-45-B4-F0-85-2C 60-10-00-00 | 20-00-07-0A 00-00-00-EE-40-00-00-00-00-00
2019-04-24 04:15:49.966 [40] -> 88-11-A0-00-62-45-B4-F0-85-2C 7E-ED-8F-FF-73-00 62-45-B4-F0-85-2C 70-10-00-00 | 20-00-08-0A 00-00-00-F3-40-00-00-00-00-00
2019-04-24 04:15:49.969 [40] -> 88-11-A0-00-62-45-B4-F0-85-2C 7E-ED-8F-FF-73-00 62-45-B4-F0-85-2C 80-10-00-00 | 20-00-09-0A 00-00-00-FF-40-00-00-00-00-00
2019-04-24 04:15:50.174 [40] -> 88-11-A0-00-62-45-B4-F0-85-2C 7E-ED-8F-FF-73-00 62-45-B4-F0-85-2C 90-10-00-00 | 20-00-0A-0A 00-00-00-F6-40-00-00-00-00-00
2019-04-24 04:15:50.178 [40] -> 88-11-A0-00-62-45-B4-F0-85-2C 7E-ED-8F-FF-73-00 62-45-B4-F0-85-2C A0-10-00-00 | 20-00-0B-0A 00-00-00-EB-40-00-00-00-00-00
2019-04-24 04:15:50.181 [40] -> 88-11-A0-00-62-45-B4-F0-85-2C 7E-ED-8F-FF-73-00 62-45-B4-F0-85-2C B0-10-00-00 | 20-00-0C-0A 00-00-00-DC-40-00-00-00-00-00
2019-04-24 04:15:50.185 [40] -> 88-11-A0-00-62-45-B4-F0-85-2C 7E-ED-8F-FF-73-00 62-45-B4-F0-85-2C C0-10-00-00 | 20-00-0D-0A 00-00-00-C9-40-00-00-00-00-00
2019-04-24 04:15:50.238 [40] -> 88-11-A0-00-62-45-B4-F0-85-2C 7E-ED-8F-FF-73-00 62-45-B4-F0-85-2C D0-10-00-00 | 20-00-0E-0A 00-00-00-C2-40-00-00-00-00-00
2019-04-24 04:15:50.242 [40] -> 88-11-A0-00-62-45-B4-F0-85-2C 7E-ED-8F-FF-73-00 62-45-B4-F0-85-2C E0-10-00-00 | 20-00-0F-0A 00-00-00-A4-40-00-00-00-00-00
2019-04-24 04:15:50.245 [40] -> 88-11-A0-00-62-45-B4-F0-85-2C 7E-ED-8F-FF-73-00 62-45-B4-F0-85-2C F0-10-00-00 | 20-00-10-0A 00-00-00-99-40-00-00-00-00-00
2019-04-24 04:15:50.249 [40] -> 88-11-A0-00-62-45-B4-F0-85-2C 7E-ED-8F-FF-73-00 62-45-B4-F0-85-2C 00-11-00-00 | 20-00-11-0A 00-00-00-7D-40-00-00-00-00-00
2019-04-24 04:15:50.253 [40] -> 88-11-A0-00-62-45-B4-F0-85-2C 7E-ED-8F-FF-73-00 62-45-B4-F0-85-2C 10-11-00-00 | 20-00-12-0A 00-00-00-61-40-00-00-00-00-00
2019-04-24 04:15:50.256 [40] -> 88-11-A0-00-62-45-B4-F0-85-2C 7E-ED-8F-FF-73-00 62-45-B4-F0-85-2C 20-11-00-00 | 20-00-13-0A 00-00-00-44-40-00-00-00-00-00
2019-04-24 04:15:50.310 [40] -> 88-11-A0-00-62-45-B4-F0-85-2C 7E-ED-8F-FF-73-00 62-45-B4-F0-85-2C 30-11-00-00 | 20-00-14-0A 00-00-00-2E-40-00-00-00-00-00
2019-04-24 04:15:50.314 [40] -> 88-11-A0-00-62-45-B4-F0-85-2C 7E-ED-8F-FF-73-00 62-45-B4-F0-85-2C 40-11-00-00 | 20-00-15-0A 00-00-00-15-40-00-00-00-00-00
2019-04-24 04:15:50.318 [40] -> 88-11-A0-00-62-45-B4-F0-85-2C 7E-ED-8F-FF-73-00 62-45-B4-F0-85-2C 50-11-00-00 | 20-00-16-0A 00-00-00-00-40-00-00-00-00-00
